ToDoList_project/todolist/android/app/build/intermediates/manifest_merge_blame_file/release/manifest-merger-blame-release-report.txt
1<?xml version="1.0" encoding="utf-8"?>
2<manifest xmlns:android="http://schemas.android.com/apk/res/android"
3    package="com.example.todolist"
4    android:versionCode="1"
5    android:versionName="1.0.0" >
6
7    <uses-sdk
8        android:minSdkVersion="23"
9        android:targetSdkVersion="34" />
10
11    <!-- Permisos necesarios -->
12    <uses-permission android:name="android.permission.INTERNET" />
12-->src\main\AndroidManifest.xml:4:5-66
12-->src\main\AndroidManifest.xml:4:22-64
13    <uses-permission android:name="android.permission.POST_NOTIFICATIONS" />
13-->src\main\AndroidManifest.xml:5:5-76
13-->src\main\AndroidManifest.xml:5:22-74
14    <uses-permission android:name="android.permission.BLUETOOTH" />
14-->src\main\AndroidManifest.xml:6:5-67
14-->src\main\AndroidManifest.xml:6:22-65
15    <uses-permission android:name="android.permission.BLUETOOTH_ADMIN" />
15-->src\main\AndroidManifest.xml:7:5-73
15-->src\main\AndroidManifest.xml:7:22-71
16    <uses-permission android:name="android.permission.BLUETOOTH_CONNECT" />
16-->src\main\AndroidManifest.xml:8:5-75
16-->src\main\AndroidManifest.xml:8:22-73
17    <uses-permission
17-->src\main\AndroidManifest.xml:9:5-119
18        android:name="android.permission.BLUETOOTH_SCAN"
18-->src\main\AndroidManifest.xml:9:22-70
19        android:usesPermissionFlags="neverForLocation" />
19-->src\main\AndroidManifest.xml:9:71-117
20    <uses-permission android:name="android.permission.ACCESS_FINE_LOCATION" />
20-->src\main\AndroidManifest.xml:10:5-78
20-->src\main\AndroidManifest.xml:10:22-76
21
22    <queries>
22-->src\main\AndroidManifest.xml:42:5-47:15
23        <intent>
23-->src\main\AndroidManifest.xml:43:9-46:18
24            <action android:name="android.intent.action.PROCESS_TEXT" />
24-->src\main\AndroidManifest.xml:44:13-72
24-->src\main\AndroidManifest.xml:44:21-70
25
26            <data android:mimeType="text/plain" />
26-->src\main\AndroidManifest.xml:45:13-50
26-->src\main\AndroidManifest.xml:45:19-48
27        </intent>
28    </queries>
29
30    <uses-permission android:name="android.permission.BROADCAST_CLOSE_SYSTEM_DIALOGS" />
30-->[:awesome_notifications] AndroidManifest.xml:7:5-89
30-->[:awesome_notifications] AndroidManifest.xml:7:22-86
31    <uses-permission
31-->[me.carda:AndroidAwnCore:0.10.0] AndroidManifest.xml:9:5-12:47
32        android:name="android.permission.BIND_NOTIFICATION_LISTENER_SERVICE"
32-->[me.carda:AndroidAwnCore:0.10.0] AndroidManifest.xml:10:9-77
33        android:maxSdkVersion="22" />
33-->[me.carda:AndroidAwnCore:0.10.0] AndroidManifest.xml:11:9-35
34
35    <permission
35-->[androidx.core:core:1.13.1] AndroidManifest.xml:22:5-24:47
36        android:name="com.example.todolist.DYNAMIC_RECEIVER_NOT_EXPORTED_PERMISSION"
36-->[androidx.core:core:1.13.1] AndroidManifest.xml:23:9-81
37        android:protectionLevel="signature" />
37-->[androidx.core:core:1.13.1] AndroidManifest.xml:24:9-44
38
39    <uses-permission android:name="com.example.todolist.DYNAMIC_RECEIVER_NOT_EXPORTED_PERMISSION" /> <!-- for android -->
39-->[androidx.core:core:1.13.1] AndroidManifest.xml:26:5-97
39-->[androidx.core:core:1.13.1] AndroidManifest.xml:26:22-94
40    <!-- <uses-permission android:name="com.android.launcher.permission.READ_SETTINGS"/> -->
41    <!-- <uses-permission android:name="com.android.launcher.permission.WRITE_SETTINGS"/> -->
42    <!-- <uses-permission android:name="com.android.launcher.permission.INSTALL_SHORTCUT" /> -->
43    <!-- <uses-permission android:name="com.android.launcher.permission.UNINSTALL_SHORTCUT" /> -->
44    <!-- for Samsung -->
45    <uses-permission android:name="com.sec.android.provider.badge.permission.READ" />
45-->[me.leolin:ShortcutBadger:1.1.22] AndroidManifest.xml:19:5-86
45-->[me.leolin:ShortcutBadger:1.1.22] AndroidManifest.xml:19:22-83
46    <uses-permission android:name="com.sec.android.provider.badge.permission.WRITE" /> <!-- for htc -->
46-->[me.leolin:ShortcutBadger:1.1.22] AndroidManifest.xml:20:5-87
46-->[me.leolin:ShortcutBadger:1.1.22] AndroidManifest.xml:20:22-84
47    <uses-permission android:name="com.htc.launcher.permission.READ_SETTINGS" />
47-->[me.leolin:ShortcutBadger:1.1.22] AndroidManifest.xml:23:5-81
47-->[me.leolin:ShortcutBadger:1.1.22] AndroidManifest.xml:23:22-78
48    <uses-permission android:name="com.htc.launcher.permission.UPDATE_SHORTCUT" /> <!-- for sony -->
48-->[me.leolin:ShortcutBadger:1.1.22] AndroidManifest.xml:24:5-83
48-->[me.leolin:ShortcutBadger:1.1.22] AndroidManifest.xml:24:22-80
49    <uses-permission android:name="com.sonyericsson.home.permission.BROADCAST_BADGE" />
49-->[me.leolin:ShortcutBadger:1.1.22] AndroidManifest.xml:27:5-88
49-->[me.leolin:ShortcutBadger:1.1.22] AndroidManifest.xml:27:22-85
50    <uses-permission android:name="com.sonymobile.home.permission.PROVIDER_INSERT_BADGE" /> <!-- for apex -->
50-->[me.leolin:ShortcutBadger:1.1.22] AndroidManifest.xml:28:5-92
50-->[me.leolin:ShortcutBadger:1.1.22] AndroidManifest.xml:28:22-89
51    <uses-permission android:name="com.anddoes.launcher.permission.UPDATE_COUNT" /> <!-- for solid -->
51-->[me.leolin:ShortcutBadger:1.1.22] AndroidManifest.xml:31:5-84
51-->[me.leolin:ShortcutBadger:1.1.22] AndroidManifest.xml:31:22-81
52    <uses-permission android:name="com.majeur.launcher.permission.UPDATE_BADGE" /> <!-- for huawei -->
52-->[me.leolin:ShortcutBadger:1.1.22] AndroidManifest.xml:34:5-83
52-->[me.leolin:ShortcutBadger:1.1.22] AndroidManifest.xml:34:22-80
53    <uses-permission android:name="com.huawei.android.launcher.permission.CHANGE_BADGE" />
53-->[me.leolin:ShortcutBadger:1.1.22] AndroidManifest.xml:37:5-91
53-->[me.leolin:ShortcutBadger:1.1.22] AndroidManifest.xml:37:22-88
54    <uses-permission android:name="com.huawei.android.launcher.permission.READ_SETTINGS" />
54-->[me.leolin:ShortcutBadger:1.1.22] AndroidManifest.xml:38:5-92
54-->[me.leolin:ShortcutBadger:1.1.22] AndroidManifest.xml:38:22-89
55    <uses-permission android:name="com.huawei.android.launcher.permission.WRITE_SETTINGS" /> <!-- for ZUK -->
55-->[me.leolin:ShortcutBadger:1.1.22] AndroidManifest.xml:39:5-93
55-->[me.leolin:ShortcutBadger:1.1.22] AndroidManifest.xml:39:22-90
56    <uses-permission android:name="android.permission.READ_APP_BADGE" /> <!-- for OPPO -->
56-->[me.leolin:ShortcutBadger:1.1.22] AndroidManifest.xml:42:5-73
56-->[me.leolin:ShortcutBadger:1.1.22] AndroidManifest.xml:42:22-70
57    <uses-permission android:name="com.oppo.launcher.permission.READ_SETTINGS" />
57-->[me.leolin:ShortcutBadger:1.1.22] AndroidManifest.xml:45:5-82
57-->[me.leolin:ShortcutBadger:1.1.22] AndroidManifest.xml:45:22-79
58    <uses-permission android:name="com.oppo.launcher.permission.WRITE_SETTINGS" /> <!-- for EvMe -->
58-->[me.leolin:ShortcutBadger:1.1.22] AndroidManifest.xml:46:5-83
58-->[me.leolin:ShortcutBadger:1.1.22] AndroidManifest.xml:46:22-80
59    <uses-permission android:name="me.everything.badger.permission.BADGE_COUNT_READ" />
59-->[me.leolin:ShortcutBadger:1.1.22] AndroidManifest.xml:49:5-88
59-->[me.leolin:ShortcutBadger:1.1.22] AndroidManifest.xml:49:22-85
60    <uses-permission android:name="me.everything.badger.permission.BADGE_COUNT_WRITE" />
60-->[me.leolin:ShortcutBadger:1.1.22] AndroidManifest.xml:50:5-89
60-->[me.leolin:ShortcutBadger:1.1.22] AndroidManifest.xml:50:22-86
61
62    <application
63        android:name="android.app.Application"
63-->src\main\AndroidManifest.xml:15:9-42
64        android:appComponentFactory="androidx.core.app.CoreComponentFactory"
64-->[androidx.core:core:1.13.1] AndroidManifest.xml:28:18-86
65        android:extractNativeLibs="false"
66        android:icon="@mipmap/ic_launcher"
66-->src\main\AndroidManifest.xml:16:9-43
67        android:label="todolist" >
67-->src\main\AndroidManifest.xml:14:9-33
68        <activity
68-->src\main\AndroidManifest.xml:18:9-35:20
69            android:name="com.example.todolist.MainActivity"
69-->src\main\AndroidManifest.xml:19:13-41
70            android:configChanges="orientation|keyboardHidden|keyboard|screenSize|smallestScreenSize|locale|layoutDirection|fontScale|screenLayout|density|uiMode"
70-->src\main\AndroidManifest.xml:24:13-163
71            android:exported="true"
71-->src\main\AndroidManifest.xml:20:13-36
72            android:hardwareAccelerated="true"
72-->src\main\AndroidManifest.xml:25:13-47
73            android:launchMode="singleTop"
73-->src\main\AndroidManifest.xml:21:13-43
74            android:taskAffinity=""
74-->src\main\AndroidManifest.xml:22:13-36
75            android:theme="@style/LaunchTheme"
75-->src\main\AndroidManifest.xml:23:13-47
76            android:windowSoftInputMode="adjustResize" >
76-->src\main\AndroidManifest.xml:26:13-55
77            <meta-data
77-->src\main\AndroidManifest.xml:27:13-30:17
78                android:name="io.flutter.embedding.android.NormalTheme"
78-->src\main\AndroidManifest.xml:28:15-70
79                android:resource="@style/NormalTheme" />
79-->src\main\AndroidManifest.xml:29:15-52
80
81            <intent-filter>
81-->src\main\AndroidManifest.xml:31:13-34:29
82                <action android:name="android.intent.action.MAIN" />
82-->src\main\AndroidManifest.xml:32:17-68
82-->src\main\AndroidManifest.xml:32:25-66
83
84                <category android:name="android.intent.category.LAUNCHER" />
84-->src\main\AndroidManifest.xml:33:17-76
84-->src\main\AndroidManifest.xml:33:27-74
85            </intent-filter>
86        </activity>
87
88        <meta-data
88-->src\main\AndroidManifest.xml:37:9-39:33
89            android:name="flutterEmbedding"
89-->src\main\AndroidManifest.xml:38:13-44
90            android:value="2" />
90-->src\main\AndroidManifest.xml:39:13-30
91
92        <receiver
92-->[:awesome_notifications] AndroidManifest.xml:10:9-12:39
93            android:name="me.carda.awesome_notifications.DartNotificationActionReceiver"
93-->[:awesome_notifications] AndroidManifest.xml:11:13-89
94            android:exported="true" />
94-->[:awesome_notifications] AndroidManifest.xml:12:13-36
95        <receiver
95-->[:awesome_notifications] AndroidManifest.xml:13:9-15:39
96            android:name="me.carda.awesome_notifications.DartDismissedNotificationReceiver"
96-->[:awesome_notifications] AndroidManifest.xml:14:13-92
97            android:exported="true" />
97-->[:awesome_notifications] AndroidManifest.xml:15:13-36
98        <receiver
98-->[:awesome_notifications] AndroidManifest.xml:16:9-18:39
99            android:name="me.carda.awesome_notifications.DartScheduledNotificationReceiver"
99-->[:awesome_notifications] AndroidManifest.xml:17:13-92
100            android:exported="true" />
100-->[:awesome_notifications] AndroidManifest.xml:18:13-36
101        <receiver
101-->[:awesome_notifications] AndroidManifest.xml:19:9-33:20
102            android:name="me.carda.awesome_notifications.DartRefreshSchedulesReceiver"
102-->[:awesome_notifications] AndroidManifest.xml:20:13-87
103            android:enabled="true"
103-->[:awesome_notifications] AndroidManifest.xml:21:13-35
104            android:exported="true" >
104-->[:awesome_notifications] AndroidManifest.xml:22:13-36
105            <intent-filter>
105-->[:awesome_notifications] AndroidManifest.xml:23:13-32:29
106                <category android:name="android.intent.category.DEFAULT" />
106-->[:awesome_notifications] AndroidManifest.xml:24:17-76
106-->[:awesome_notifications] AndroidManifest.xml:24:27-73
107
108                <action android:name="android.intent.action.BOOT_COMPLETED" />
108-->[:awesome_notifications] AndroidManifest.xml:26:17-79
108-->[:awesome_notifications] AndroidManifest.xml:26:25-76
109                <action android:name="android.intent.action.LOCKED_BOOT_COMPLETED" />
109-->[:awesome_notifications] AndroidManifest.xml:27:17-86
109-->[:awesome_notifications] AndroidManifest.xml:27:25-83
110                <action android:name="android.intent.action.MY_PACKAGE_REPLACED" />
110-->[:awesome_notifications] AndroidManifest.xml:28:17-84
110-->[:awesome_notifications] AndroidManifest.xml:28:25-81
111                <action android:name="android.intent.action.QUICKBOOT_POWERON" />
111-->[:awesome_notifications] AndroidManifest.xml:29:17-82
111-->[:awesome_notifications] AndroidManifest.xml:29:25-79
112                <action android:name="com.htc.intent.action.QUICKBOOT_POWERON" />
112-->[:awesome_notifications] AndroidManifest.xml:30:17-82
112-->[:awesome_notifications] AndroidManifest.xml:30:25-79
113                <action android:name="android.app.action.SCHEDULE_EXACT_ALARM_PERMISSION_STATE_CHANGED" />
113-->[:awesome_notifications] AndroidManifest.xml:31:17-107
113-->[:awesome_notifications] AndroidManifest.xml:31:25-104
114            </intent-filter>
115        </receiver>
116
117        <service
117-->[:awesome_notifications] AndroidManifest.xml:35:9-38:72
118            android:name="me.carda.awesome_notifications.DartBackgroundService"
118-->[:awesome_notifications] AndroidManifest.xml:36:13-80
119            android:exported="false"
119-->[:awesome_notifications] AndroidManifest.xml:37:13-37
120            android:permission="android.permission.BIND_JOB_SERVICE" />
120-->[:awesome_notifications] AndroidManifest.xml:38:13-69
121        <service
121-->[:awesome_notifications] AndroidManifest.xml:39:9-44:43
122            android:name="me.carda.awesome_notifications.core.services.ForegroundService"
122-->[:awesome_notifications] AndroidManifest.xml:40:13-90
123            android:enabled="true"
123-->[:awesome_notifications] AndroidManifest.xml:41:13-35
124            android:exported="false"
124-->[:awesome_notifications] AndroidManifest.xml:42:13-37
125            android:foregroundServiceType="phoneCall"
125-->[:awesome_notifications] AndroidManifest.xml:43:13-54
126            android:stopWithTask="true" />
126-->[:awesome_notifications] AndroidManifest.xml:44:13-40
127        <service
127-->[me.carda:AndroidAwnCore:0.10.0] AndroidManifest.xml:21:9-28:19
128            android:name="me.carda.awesome_notifications.core.managers.StatusBarManager"
128-->[me.carda:AndroidAwnCore:0.10.0] AndroidManifest.xml:22:13-89
129            android:exported="true"
129-->[me.carda:AndroidAwnCore:0.10.0] AndroidManifest.xml:23:13-36
130            android:label="My Notification Listener Service" >
130-->[me.carda:AndroidAwnCore:0.10.0] AndroidManifest.xml:24:13-61
131            <intent-filter>
131-->[me.carda:AndroidAwnCore:0.10.0] AndroidManifest.xml:25:13-27:29
132                <action android:name="android.service.notification.NotificationListenerService" />
132-->[me.carda:AndroidAwnCore:0.10.0] AndroidManifest.xml:26:17-99
132-->[me.carda:AndroidAwnCore:0.10.0] AndroidManifest.xml:26:25-96
133            </intent-filter>
134        </service>
135        <service
135-->[androidx.room:room-runtime:2.6.1] AndroidManifest.xml:24:9-28:63
136            android:name="androidx.room.MultiInstanceInvalidationService"
136-->[androidx.room:room-runtime:2.6.1] AndroidManifest.xml:25:13-74
137            android:directBootAware="true"
137-->[androidx.room:room-runtime:2.6.1] AndroidManifest.xml:26:13-43
138            android:exported="false" />
138-->[androidx.room:room-runtime:2.6.1] AndroidManifest.xml:27:13-37
139
140        <uses-library
140-->[androidx.window:window:1.2.0] AndroidManifest.xml:23:9-25:40
141            android:name="androidx.window.extensions"
141-->[androidx.window:window:1.2.0] AndroidManifest.xml:24:13-54
142            android:required="false" />
142-->[androidx.window:window:1.2.0] AndroidManifest.xml:25:13-37
143        <uses-library
143-->[androidx.window:window:1.2.0] AndroidManifest.xml:26:9-28:40
144            android:name="androidx.window.sidecar"
144-->[androidx.window:window:1.2.0] AndroidManifest.xml:27:13-51
145            android:required="false" />
145-->[androidx.window:window:1.2.0] AndroidManifest.xml:28:13-37
146
147        <provider
147-->[androidx.emoji2:emoji2:1.3.0] AndroidManifest.xml:24:9-32:20
148            android:name="androidx.startup.InitializationProvider"
148-->[androidx.emoji2:emoji2:1.3.0] AndroidManifest.xml:25:13-67
149            android:authorities="com.example.todolist.androidx-startup"
149-->[androidx.emoji2:emoji2:1.3.0] AndroidManifest.xml:26:13-68
150            android:exported="false" >
150-->[androidx.emoji2:emoji2:1.3.0] AndroidManifest.xml:27:13-37
151            <meta-data
151-->[androidx.emoji2:emoji2:1.3.0] AndroidManifest.xml:29:13-31:52
152                android:name="androidx.emoji2.text.EmojiCompatInitializer"
152-->[androidx.emoji2:emoji2:1.3.0] AndroidManifest.xml:30:17-75
153                android:value="androidx.startup" />
153-->[androidx.emoji2:emoji2:1.3.0] AndroidManifest.xml:31:17-49
154            <meta-data
154-->[androidx.lifecycle:lifecycle-process:2.7.0] AndroidManifest.xml:29:13-31:52
155                android:name="androidx.lifecycle.ProcessLifecycleInitializer"
155-->[androidx.lifecycle:lifecycle-process:2.7.0] AndroidManifest.xml:30:17-78
156                android:value="androidx.startup" />
156-->[androidx.lifecycle:lifecycle-process:2.7.0] AndroidManifest.xml:31:17-49
157            <meta-data
157-->[androidx.profileinstaller:profileinstaller:1.3.1] AndroidManifest.xml:29:13-31:52
158                android:name="androidx.profileinstaller.ProfileInstallerInitializer"
158-->[androidx.profileinstaller:profileinstaller:1.3.1] AndroidManifest.xml:30:17-85
159                android:value="androidx.startup" />
159-->[androidx.profileinstaller:profileinstaller:1.3.1] AndroidManifest.xml:31:17-49
160        </provider>
161
162        <receiver
162-->[androidx.profileinstaller:profileinstaller:1.3.1] AndroidManifest.xml:34:9-52:20
163            android:name="androidx.profileinstaller.ProfileInstallReceiver"
163-->[androidx.profileinstaller:profileinstaller:1.3.1] AndroidManifest.xml:35:13-76
164            android:directBootAware="false"
164-->[androidx.profileinstaller:profileinstaller:1.3.1] AndroidManifest.xml:36:13-44
165            android:enabled="true"
165-->[androidx.profileinstaller:profileinstaller:1.3.1] AndroidManifest.xml:37:13-35
166            android:exported="true"
166-->[androidx.profileinstaller:profileinstaller:1.3.1] AndroidManifest.xml:38:13-36
167            android:permission="android.permission.DUMP" >
167-->[androidx.profileinstaller:profileinstaller:1.3.1] AndroidManifest.xml:39:13-57
168            <intent-filter>
168-->[androidx.profileinstaller:profileinstaller:1.3.1] AndroidManifest.xml:40:13-42:29
169                <action android:name="androidx.profileinstaller.action.INSTALL_PROFILE" />
169-->[androidx.profileinstaller:profileinstaller:1.3.1] AndroidManifest.xml:41:17-91
169-->[androidx.profileinstaller:profileinstaller:1.3.1] AndroidManifest.xml:41:25-88
170            </intent-filter>
171            <intent-filter>
171-->[androidx.profileinstaller:profileinstaller:1.3.1] AndroidManifest.xml:43:13-45:29
172                <action android:name="androidx.profileinstaller.action.SKIP_FILE" />
172-->[androidx.profileinstaller:profileinstaller:1.3.1] AndroidManifest.xml:44:17-85
172-->[androidx.profileinstaller:profileinstaller:1.3.1] AndroidManifest.xml:44:25-82
173            </intent-filter>
174            <intent-filter>
174-->[androidx.profileinstaller:profileinstaller:1.3.1] AndroidManifest.xml:46:13-48:29
175                <action android:name="androidx.profileinstaller.action.SAVE_PROFILE" />
175-->[androidx.profileinstaller:profileinstaller:1.3.1] AndroidManifest.xml:47:17-88
175-->[androidx.profileinstaller:profileinstaller:1.3.1] AndroidManifest.xml:47:25-85
176            </intent-filter>
177            <intent-filter>
177-->[androidx.profileinstaller:profileinstaller:1.3.1] AndroidManifest.xml:49:13-51:29
178                <action android:name="androidx.profileinstaller.action.BENCHMARK_OPERATION" />
178-->[androidx.profileinstaller:profileinstaller:1.3.1] AndroidManifest.xml:50:17-95
178-->[androidx.profileinstaller:profileinstaller:1.3.1] AndroidManifest.xml:50:25-92
179            </intent-filter>
180        </receiver>
181    </application>
182
183</manifest>